
> @nepal-school-erp/frontend@1.0.0 build
> tsc -b && vite build

[36mvite v7.3.2 [32mbuilding client environment for production...[36m[39m
transforming...
[32m✓[39m 2591 modules transformed.
rendering chunks...
computing gzip size...
[2mdist/[22m[32mindex.html                              [39m[1m[2m  0.47 kB[22m[1m[22m[2m │ gzip:   0.30 kB[22m
[2mdist/[22m[35massets/NepaliDateField-RnjHd2W5.css     [39m[1m[2m 17.61 kB[22m[1m[22m[2m │ gzip:   4.09 kB[22m
[2mdist/[22m[35massets/index-B9DPQMFe.css               [39m[1m[2m 35.83 kB[22m[1m[22m[2m │ gzip:   7.04 kB[22m
[2mdist/[22m[36massets/useTeacherScope-OjQZ2ylt.js      [39m[1m[2m  0.19 kB[22m[1m[22m[2m │ gzip:   0.17 kB[22m
[2mdist/[22m[36massets/badge-B9HQs44N.js                [39m[1m[2m  0.24 kB[22m[1m[22m[2m │ gzip:   0.20 kB[22m
[2mdist/[22m[36massets/book-open-CTlie6sK.js            [39m[1m[2m  0.28 kB[22m[1m[22m[2m │ gzip:   0.21 kB[22m
[2mdist/[22m[36massets/EmptyState-Ce5lJh8g.js           [39m[1m[2m  0.35 kB[22m[1m[22m[2m │ gzip:   0.25 kB[22m
[2mdist/[22m[36massets/textarea-BEsawIkl.js             [39m[1m[2m  0.36 kB[22m[1m[22m[2m │ gzip:   0.28 kB[22m
[2mdist/[22m[36massets/input-M29J0WHN.js                [39m[1m[2m  0.36 kB[22m[1m[22m[2m │ gzip:   0.28 kB[22m
[2mdist/[22m[36massets/PageHeader-BPNG0CgQ.js           [39m[1m[2m  0.38 kB[22m[1m[22m[2m │ gzip:   0.26 kB[22m
[2mdist/[22m[36massets/card-B82rx1iw.js                 [39m[1m[2m  0.49 kB[22m[1m[22m[2m │ gzip:   0.25 kB[22m
[2mdist/[22m[36massets/table-DW0L6WJT.js                [39m[1m[2m  0.57 kB[22m[1m[22m[2m │ gzip:   0.26 kB[22m
[2mdist/[22m[36massets/NotFoundPage-BBorAX4x.js         [39m[1m[2m  0.60 kB[22m[1m[22m[2m │ gzip:   0.39 kB[22m
[2mdist/[22m[36massets/NotificationsPage-FXtJqXWw.js    [39m[1m[2m  1.58 kB[22m[1m[22m[2m │ gzip:   0.75 kB[22m
[2mdist/[22m[36massets/RegisterPage-DfcXvbWl.js         [39m[1m[2m  2.47 kB[22m[1m[22m[2m │ gzip:   1.09 kB[22m
[2mdist/[22m[36massets/ParentPortalPage-BBjXEOLw.js     [39m[1m[2m  2.58 kB[22m[1m[22m[2m │ gzip:   0.88 kB[22m
[2mdist/[22m[36massets/ParentLinksPage-Dp2IiZyn.js      [39m[1m[2m  2.58 kB[22m[1m[22m[2m │ gzip:   1.01 kB[22m
[2mdist/[22m[36massets/LoginPage-Dn5pknPa.js            [39m[1m[2m  2.88 kB[22m[1m[22m[2m │ gzip:   1.35 kB[22m
[2mdist/[22m[36massets/LibraryPage-DoERRyfH.js          [39m[1m[2m  4.12 kB[22m[1m[22m[2m │ gzip:   1.35 kB[22m
[2mdist/[22m[36massets/TimetablePage-C4rmy9Y9.js        [39m[1m[2m  4.23 kB[22m[1m[22m[2m │ gzip:   1.37 kB[22m
[2mdist/[22m[36massets/AttendancePage-eKqnZIfQ.js       [39m[1m[2m  4.41 kB[22m[1m[22m[2m │ gzip:   1.66 kB[22m
[2mdist/[22m[36massets/TransportPage-Dn9e_y6H.js        [39m[1m[2m  4.48 kB[22m[1m[22m[2m │ gzip:   1.31 kB[22m
[2mdist/[22m[36massets/SchoolsPage-BJAmHtlh.js          [39m[1m[2m  4.70 kB[22m[1m[22m[2m │ gzip:   1.60 kB[22m
[2mdist/[22m[36massets/NoticesPage-Co7NutP6.js          [39m[1m[2m  5.14 kB[22m[1m[22m[2m │ gzip:   1.86 kB[22m
[2mdist/[22m[36massets/HrPage-Cso1yACZ.js               [39m[1m[2m  5.19 kB[22m[1m[22m[2m │ gzip:   1.52 kB[22m
[2mdist/[22m[36massets/ReportsPage-CwHodMuK.js          [39m[1m[2m  5.40 kB[22m[1m[22m[2m │ gzip:   1.86 kB[22m
[2mdist/[22m[36massets/StudentSubjectsPage-BbLc8Rom.js  [39m[1m[2m  5.55 kB[22m[1m[22m[2m │ gzip:   1.69 kB[22m
[2mdist/[22m[36massets/TeachersPage-CyTPur3E.js         [39m[1m[2m  6.56 kB[22m[1m[22m[2m │ gzip:   2.18 kB[22m
[2mdist/[22m[36massets/FeesPage-CAcd4JNj.js             [39m[1m[2m  6.81 kB[22m[1m[22m[2m │ gzip:   2.04 kB[22m
[2mdist/[22m[36massets/SettingsPage-sQ09CStr.js         [39m[1m[2m  7.47 kB[22m[1m[22m[2m │ gzip:   2.32 kB[22m
[2mdist/[22m[36massets/StudentsPage-3gvzf2_K.js         [39m[1m[2m  8.07 kB[22m[1m[22m[2m │ gzip:   2.48 kB[22m
[2mdist/[22m[36massets/ExamsPage-D556_RhS.js            [39m[1m[2m  8.40 kB[22m[1m[22m[2m │ gzip:   2.56 kB[22m
[2mdist/[22m[36massets/AcademicsPage-DvbGl2rn.js        [39m[1m[2m  8.63 kB[22m[1m[22m[2m │ gzip:   2.27 kB[22m
[2mdist/[22m[36massets/HomeworkPage-JX0_soX7.js         [39m[1m[2m 26.26 kB[22m[1m[22m[2m │ gzip:   7.62 kB[22m
[2mdist/[22m[36massets/NepaliDateField-DeyARslY.js      [39m[1m[2m 43.96 kB[22m[1m[22m[2m │ gzip:  13.72 kB[22m
[2mdist/[22m[36massets/FormField-Az34I3_y.js            [39m[1m[2m 58.86 kB[22m[1m[22m[2m │ gzip:  16.54 kB[22m
[2mdist/[22m[36massets/AddressFields-B5ytZ3q_.js        [39m[1m[2m 87.63 kB[22m[1m[22m[2m │ gzip:  10.19 kB[22m
[2mdist/[22m[36massets/index-BY9lDib8.js                [39m[1m[2m370.38 kB[22m[1m[22m[2m │ gzip: 120.73 kB[22m
[2mdist/[22m[36massets/DashboardPage-BOIHr294.js        [39m[1m[2m380.54 kB[22m[1m[22m[2m │ gzip: 112.80 kB[22m
[32m✓ built in 6.32s[39m
